mode: set
github.com/teemow/inboxfewer/internal/mcp/oauth/handler.go:66.51,67.27 1 1
github.com/teemow/inboxfewer/internal/mcp/oauth/handler.go:67.27,69.3 1 1
github.com/teemow/inboxfewer/internal/mcp/oauth/handler.go:72.2,72.38 1 1
github.com/teemow/inboxfewer/internal/mcp/oauth/handler.go:72.38,84.3 1 1
github.com/teemow/inboxfewer/internal/mcp/oauth/handler.go:87.2,87.33 1 1
github.com/teemow/inboxfewer/internal/mcp/oauth/handler.go:87.33,89.3 1 1
github.com/teemow/inboxfewer/internal/mcp/oauth/handler.go:92.2,93.19 2 1
github.com/teemow/inboxfewer/internal/mcp/oauth/handler.go:93.19,95.3 1 1
github.com/teemow/inboxfewer/internal/mcp/oauth/handler.go:98.2,99.30 2 1
github.com/teemow/inboxfewer/internal/mcp/oauth/handler.go:99.30,101.17 2 1
github.com/teemow/inboxfewer/internal/mcp/oauth/handler.go:101.17,103.4 1 0
github.com/teemow/inboxfewer/internal/mcp/oauth/handler.go:104.3,105.27 2 1
github.com/teemow/inboxfewer/internal/mcp/oauth/handler.go:105.27,107.4 1 1
github.com/teemow/inboxfewer/internal/mcp/oauth/handler.go:108.3,108.104 1 1
github.com/teemow/inboxfewer/internal/mcp/oauth/handler.go:113.2,114.68 2 1
github.com/teemow/inboxfewer/internal/mcp/oauth/handler.go:114.68,122.3 2 1
github.com/teemow/inboxfewer/internal/mcp/oauth/handler.go:122.8,124.3 1 1
github.com/teemow/inboxfewer/internal/mcp/oauth/handler.go:126.2,131.23 4 1
github.com/teemow/inboxfewer/internal/mcp/oauth/handler.go:131.23,135.3 1 1
github.com/teemow/inboxfewer/internal/mcp/oauth/handler.go:137.2,144.8 1 1
github.com/teemow/inboxfewer/internal/mcp/oauth/handler.go:148.37,150.2 1 1
github.com/teemow/inboxfewer/internal/mcp/oauth/handler.go:153.39,155.2 1 1
github.com/teemow/inboxfewer/internal/mcp/oauth/handler.go:158.43,160.2 1 1
github.com/teemow/inboxfewer/internal/mcp/oauth/handler.go:171.90,172.32 1 1
github.com/teemow/inboxfewer/internal/mcp/oauth/handler.go:172.32,175.3 2 1
github.com/teemow/inboxfewer/internal/mcp/oauth/handler.go:180.2,193.60 4 1
github.com/teemow/inboxfewer/internal/mcp/oauth/handler.go:193.60,196.3 2 0
github.com/teemow/inboxfewer/internal/mcp/oauth/handler.go:200.100,208.2 4 1
github.com/teemow/inboxfewer/internal/mcp/oauth/handler.go:212.51,215.2 2 1
github.com/teemow/inboxfewer/internal/mcp/oauth/handler.go:219.71,220.33 1 1
github.com/teemow/inboxfewer/internal/mcp/oauth/handler.go:220.33,223.3 2 1
github.com/teemow/inboxfewer/internal/mcp/oauth/handler.go:226.2,229.61 2 1
github.com/teemow/inboxfewer/internal/mcp/oauth/handler.go:229.61,232.3 2 1
github.com/teemow/inboxfewer/internal/mcp/oauth/handler.go:234.2,234.21 1 1
github.com/teemow/inboxfewer/internal/mcp/oauth/handler.go:234.21,237.3 2 1
github.com/teemow/inboxfewer/internal/mcp/oauth/handler.go:240.2,240.49 1 1
github.com/teemow/inboxfewer/internal/mcp/oauth/handler.go:240.49,243.3 2 0
github.com/teemow/inboxfewer/internal/mcp/oauth/handler.go:246.2,251.4 3 1
github.com/teemow/inboxfewer/internal/mcp/oauth/middleware.go:27.71,28.71 1 1
github.com/teemow/inboxfewer/internal/mcp/oauth/middleware.go:28.71,31.23 2 1
github.com/teemow/inboxfewer/internal/mcp/oauth/middleware.go:31.23,39.4 3 1
github.com/teemow/inboxfewer/internal/mcp/oauth/middleware.go:42.3,43.63 2 1
github.com/teemow/inboxfewer/internal/mcp/oauth/middleware.go:43.63,50.4 3 1
github.com/teemow/inboxfewer/internal/mcp/oauth/middleware.go:52.3,67.17 6 1
github.com/teemow/inboxfewer/internal/mcp/oauth/middleware.go:67.17,82.4 5 1
github.com/teemow/inboxfewer/internal/mcp/oauth/middleware.go:84.3,89.63 4 0
github.com/teemow/inboxfewer/internal/mcp/oauth/middleware.go:89.63,91.84 1 0
github.com/teemow/inboxfewer/internal/mcp/oauth/middleware.go:91.84,95.26 3 0
github.com/teemow/inboxfewer/internal/mcp/oauth/middleware.go:95.26,101.81 4 0
github.com/teemow/inboxfewer/internal/mcp/oauth/middleware.go:101.81,105.7 1 0
github.com/teemow/inboxfewer/internal/mcp/oauth/middleware.go:106.11,111.6 1 0
github.com/teemow/inboxfewer/internal/mcp/oauth/middleware.go:116.3,121.67 3 0
github.com/teemow/inboxfewer/internal/mcp/oauth/middleware.go:121.67,126.4 1 0
github.com/teemow/inboxfewer/internal/mcp/oauth/middleware.go:129.3,129.40 1 0
github.com/teemow/inboxfewer/internal/mcp/oauth/middleware.go:134.83,136.2 1 1
github.com/teemow/inboxfewer/internal/mcp/oauth/middleware.go:140.71,141.71 1 1
github.com/teemow/inboxfewer/internal/mcp/oauth/middleware.go:141.71,144.23 2 1
github.com/teemow/inboxfewer/internal/mcp/oauth/middleware.go:144.23,148.4 2 1
github.com/teemow/inboxfewer/internal/mcp/oauth/middleware.go:151.3,152.63 2 1
github.com/teemow/inboxfewer/internal/mcp/oauth/middleware.go:152.63,155.4 2 1
github.com/teemow/inboxfewer/internal/mcp/oauth/middleware.go:157.3,167.17 4 1
github.com/teemow/inboxfewer/internal/mcp/oauth/middleware.go:167.17,170.4 2 1
github.com/teemow/inboxfewer/internal/mcp/oauth/middleware.go:173.3,177.72 3 0
github.com/teemow/inboxfewer/internal/mcp/oauth/middleware.go:177.72,181.4 1 0
github.com/teemow/inboxfewer/internal/mcp/oauth/middleware.go:184.3,184.40 1 0
github.com/teemow/inboxfewer/internal/mcp/oauth/middleware.go:189.108,195.16 3 1
github.com/teemow/inboxfewer/internal/mcp/oauth/middleware.go:195.16,197.3 1 0
github.com/teemow/inboxfewer/internal/mcp/oauth/middleware.go:198.2,200.38 2 1
github.com/teemow/inboxfewer/internal/mcp/oauth/middleware.go:200.38,202.3 1 1
github.com/teemow/inboxfewer/internal/mcp/oauth/middleware.go:205.2,206.69 2 0
github.com/teemow/inboxfewer/internal/mcp/oauth/middleware.go:206.69,208.3 1 0
github.com/teemow/inboxfewer/internal/mcp/oauth/middleware.go:210.2,210.23 1 0
github.com/teemow/inboxfewer/internal/mcp/oauth/middleware.go:214.70,217.2 2 1
github.com/teemow/inboxfewer/internal/mcp/oauth/middleware.go:220.75,223.2 2 1
github.com/teemow/inboxfewer/internal/mcp/oauth/middleware.go:226.96,233.2 3 1
github.com/teemow/inboxfewer/internal/mcp/oauth/middleware.go:236.50,240.81 2 1
github.com/teemow/inboxfewer/internal/mcp/oauth/middleware.go:240.81,242.3 1 1
github.com/teemow/inboxfewer/internal/mcp/oauth/middleware.go:244.2,244.78 1 0
github.com/teemow/inboxfewer/internal/mcp/oauth/middleware.go:244.78,246.3 1 0
github.com/teemow/inboxfewer/internal/mcp/oauth/middleware.go:248.2,249.75 1 0
github.com/teemow/inboxfewer/internal/mcp/oauth/middleware.go:249.75,251.3 1 0
github.com/teemow/inboxfewer/internal/mcp/oauth/middleware.go:253.2,253.79 1 0
github.com/teemow/inboxfewer/internal/mcp/oauth/middleware.go:253.79,255.3 1 0
github.com/teemow/inboxfewer/internal/mcp/oauth/middleware.go:257.2,258.70 1 0
github.com/teemow/inboxfewer/internal/mcp/oauth/middleware.go:258.70,260.3 1 0
github.com/teemow/inboxfewer/internal/mcp/oauth/middleware.go:263.2,263.105 1 0
github.com/teemow/inboxfewer/internal/mcp/oauth/middleware.go:268.77,270.2 1 1
github.com/teemow/inboxfewer/internal/mcp/oauth/middleware.go:273.77,275.2 1 1
github.com/teemow/inboxfewer/internal/mcp/oauth/ratelimit.go:32.120,33.19 1 1
github.com/teemow/inboxfewer/internal/mcp/oauth/ratelimit.go:33.19,35.3 1 0
github.com/teemow/inboxfewer/internal/mcp/oauth/ratelimit.go:37.2,55.11 4 1
github.com/teemow/inboxfewer/internal/mcp/oauth/ratelimit.go:59.46,64.13 4 1
github.com/teemow/inboxfewer/internal/mcp/oauth/ratelimit.go:64.13,74.3 5 1
github.com/teemow/inboxfewer/internal/mcp/oauth/ratelimit.go:76.2,84.34 6 1
github.com/teemow/inboxfewer/internal/mcp/oauth/ratelimit.go:84.34,86.3 1 1
github.com/teemow/inboxfewer/internal/mcp/oauth/ratelimit.go:87.2,90.19 2 1
github.com/teemow/inboxfewer/internal/mcp/oauth/ratelimit.go:90.19,93.3 2 1
github.com/teemow/inboxfewer/internal/mcp/oauth/ratelimit.go:95.2,96.14 2 1
github.com/teemow/inboxfewer/internal/mcp/oauth/ratelimit.go:103.50,107.21 3 1
github.com/teemow/inboxfewer/internal/mcp/oauth/ratelimit.go:107.21,114.34 4 1
github.com/teemow/inboxfewer/internal/mcp/oauth/ratelimit.go:114.34,119.44 4 1
github.com/teemow/inboxfewer/internal/mcp/oauth/ratelimit.go:119.44,121.5 1 0
github.com/teemow/inboxfewer/internal/mcp/oauth/ratelimit.go:123.3,127.27 2 1
github.com/teemow/inboxfewer/internal/mcp/oauth/ratelimit.go:127.27,130.35 3 0
github.com/teemow/inboxfewer/internal/mcp/oauth/ratelimit.go:130.35,131.45 1 0
github.com/teemow/inboxfewer/internal/mcp/oauth/ratelimit.go:131.45,134.48 2 0
github.com/teemow/inboxfewer/internal/mcp/oauth/ratelimit.go:134.48,137.7 2 0
github.com/teemow/inboxfewer/internal/mcp/oauth/ratelimit.go:138.6,138.19 1 0
github.com/teemow/inboxfewer/internal/mcp/oauth/ratelimit.go:141.4,143.19 2 0
github.com/teemow/inboxfewer/internal/mcp/oauth/ratelimit.go:143.19,145.5 1 0
github.com/teemow/inboxfewer/internal/mcp/oauth/ratelimit.go:151.71,152.26 1 1
github.com/teemow/inboxfewer/internal/mcp/oauth/ratelimit.go:152.26,155.3 1 1
github.com/teemow/inboxfewer/internal/mcp/oauth/ratelimit.go:157.2,157.71 1 1
github.com/teemow/inboxfewer/internal/mcp/oauth/ratelimit.go:157.71,161.31 2 1
github.com/teemow/inboxfewer/internal/mcp/oauth/ratelimit.go:161.31,167.4 3 1
github.com/teemow/inboxfewer/internal/mcp/oauth/ratelimit.go:169.3,169.23 1 1
github.com/teemow/inboxfewer/internal/mcp/oauth/ratelimit.go:175.59,177.16 1 1
github.com/teemow/inboxfewer/internal/mcp/oauth/ratelimit.go:177.16,179.56 1 1
github.com/teemow/inboxfewer/internal/mcp/oauth/ratelimit.go:179.56,181.34 1 1
github.com/teemow/inboxfewer/internal/mcp/oauth/ratelimit.go:181.34,182.22 1 1
github.com/teemow/inboxfewer/internal/mcp/oauth/ratelimit.go:182.22,184.6 1 1
github.com/teemow/inboxfewer/internal/mcp/oauth/ratelimit.go:186.4,186.14 1 1
github.com/teemow/inboxfewer/internal/mcp/oauth/ratelimit.go:190.3,190.50 1 1
github.com/teemow/inboxfewer/internal/mcp/oauth/ratelimit.go:190.50,192.4 1 1
github.com/teemow/inboxfewer/internal/mcp/oauth/ratelimit.go:197.2,197.40 1 1
github.com/teemow/inboxfewer/internal/mcp/oauth/ratelimit.go:201.44,202.33 1 1
github.com/teemow/inboxfewer/internal/mcp/oauth/ratelimit.go:202.33,203.21 1 1
github.com/teemow/inboxfewer/internal/mcp/oauth/ratelimit.go:203.21,205.4 1 1
github.com/teemow/inboxfewer/internal/mcp/oauth/ratelimit.go:207.2,207.13 1 1
github.com/teemow/inboxfewer/internal/mcp/oauth/refresh.go:13.138,15.30 1 1
github.com/teemow/inboxfewer/internal/mcp/oauth/refresh.go:15.30,17.3 1 1
github.com/teemow/inboxfewer/internal/mcp/oauth/refresh.go:20.2,20.23 1 1
github.com/teemow/inboxfewer/internal/mcp/oauth/refresh.go:20.23,22.3 1 1
github.com/teemow/inboxfewer/internal/mcp/oauth/refresh.go:25.2,27.16 3 1
github.com/teemow/inboxfewer/internal/mcp/oauth/refresh.go:27.16,29.3 1 1
github.com/teemow/inboxfewer/internal/mcp/oauth/refresh.go:31.2,31.22 1 1
github.com/teemow/inboxfewer/internal/mcp/oauth/refresh.go:36.72,37.27 1 1
github.com/teemow/inboxfewer/internal/mcp/oauth/refresh.go:37.27,39.3 1 1
github.com/teemow/inboxfewer/internal/mcp/oauth/refresh.go:42.2,42.54 1 1
github.com/teemow/inboxfewer/internal/mcp/oauth/refresh.go:47.148,50.39 2 1
github.com/teemow/inboxfewer/internal/mcp/oauth/refresh.go:50.39,52.3 1 1
github.com/teemow/inboxfewer/internal/mcp/oauth/refresh.go:55.2,56.16 2 1
github.com/teemow/inboxfewer/internal/mcp/oauth/refresh.go:56.16,58.3 1 1
github.com/teemow/inboxfewer/internal/mcp/oauth/refresh.go:61.2,61.65 1 1
github.com/teemow/inboxfewer/internal/mcp/oauth/refresh.go:61.65,64.3 1 0
github.com/teemow/inboxfewer/internal/mcp/oauth/refresh.go:66.2,66.22 1 1
github.com/teemow/inboxfewer/internal/mcp/oauth/store.go:23.24,25.2 1 1
github.com/teemow/inboxfewer/internal/mcp/oauth/store.go:28.65,40.2 3 1
github.com/teemow/inboxfewer/internal/mcp/oauth/store.go:43.48,47.2 3 1
github.com/teemow/inboxfewer/internal/mcp/oauth/store.go:50.74,51.17 1 1
github.com/teemow/inboxfewer/internal/mcp/oauth/store.go:51.17,53.3 1 1
github.com/teemow/inboxfewer/internal/mcp/oauth/store.go:54.2,54.18 1 1
github.com/teemow/inboxfewer/internal/mcp/oauth/store.go:54.18,56.3 1 1
github.com/teemow/inboxfewer/internal/mcp/oauth/store.go:58.2,63.12 5 1
github.com/teemow/inboxfewer/internal/mcp/oauth/store.go:67.69,72.9 4 1
github.com/teemow/inboxfewer/internal/mcp/oauth/store.go:72.9,74.3 1 1
github.com/teemow/inboxfewer/internal/mcp/oauth/store.go:77.2,77.37 1 1
github.com/teemow/inboxfewer/internal/mcp/oauth/store.go:77.37,79.3 1 1
github.com/teemow/inboxfewer/internal/mcp/oauth/store.go:81.2,81.19 1 1
github.com/teemow/inboxfewer/internal/mcp/oauth/store.go:85.55,93.2 6 1
github.com/teemow/inboxfewer/internal/mcp/oauth/store.go:96.82,97.17 1 1
github.com/teemow/inboxfewer/internal/mcp/oauth/store.go:97.17,99.3 1 1
github.com/teemow/inboxfewer/internal/mcp/oauth/store.go:100.2,100.21 1 1
github.com/teemow/inboxfewer/internal/mcp/oauth/store.go:100.21,102.3 1 1
github.com/teemow/inboxfewer/internal/mcp/oauth/store.go:104.2,108.12 4 1
github.com/teemow/inboxfewer/internal/mcp/oauth/store.go:112.74,117.9 4 1
github.com/teemow/inboxfewer/internal/mcp/oauth/store.go:117.9,119.3 1 1
github.com/teemow/inboxfewer/internal/mcp/oauth/store.go:121.2,121.22 1 1
github.com/teemow/inboxfewer/internal/mcp/oauth/store.go:127.40,131.21 3 1
github.com/teemow/inboxfewer/internal/mcp/oauth/store.go:131.21,137.44 4 1
github.com/teemow/inboxfewer/internal/mcp/oauth/store.go:137.44,138.58 1 1
github.com/teemow/inboxfewer/internal/mcp/oauth/store.go:138.58,140.5 1 1
github.com/teemow/inboxfewer/internal/mcp/oauth/store.go:143.3,146.35 2 1
github.com/teemow/inboxfewer/internal/mcp/oauth/store.go:146.35,152.46 3 1
github.com/teemow/inboxfewer/internal/mcp/oauth/store.go:152.46,153.47 1 1
github.com/teemow/inboxfewer/internal/mcp/oauth/store.go:153.47,154.68 1 1
github.com/teemow/inboxfewer/internal/mcp/oauth/store.go:154.68,158.7 3 1
github.com/teemow/inboxfewer/internal/mcp/oauth/store.go:162.4,162.17 1 1
github.com/teemow/inboxfewer/internal/mcp/oauth/store.go:168.40,176.2 3 1
github.com/teemow/inboxfewer/internal/mcp/oauth/token_provider.go:17.52,21.2 1 1
github.com/teemow/inboxfewer/internal/mcp/oauth/token_provider.go:24.104,26.16 2 1
github.com/teemow/inboxfewer/internal/mcp/oauth/token_provider.go:26.16,28.3 1 1
github.com/teemow/inboxfewer/internal/mcp/oauth/token_provider.go:29.2,29.19 1 1
github.com/teemow/inboxfewer/internal/mcp/oauth/token_provider.go:33.65,36.2 2 1
